Determining if the pthread_create exist failed with the following output:
Change Dir: /home/curc/Workspace/mate-rov/build/CMakeFiles/CMakeTmp

Run Build Command:"/usr/bin/make" "cmTC_e582f/fast"
/usr/bin/make -f CMakeFiles/cmTC_e582f.dir/build.make CMakeFiles/cmTC_e582f.dir/build
make[1]: Entering directory '/home/curc/Workspace/mate-rov/build/CMakeFiles/CMakeTmp'
Building C object CMakeFiles/cmTC_e582f.dir/CheckSymbolExists.c.o
/usr/bin/cc    -o CMakeFiles/cmTC_e582f.dir/CheckSymbolExists.c.o   -c /home/curc/Workspace/mate-rov/build/CMakeFiles/CMakeTmp/CheckSymbolExists.c
Linking C executable cmTC_e582f
/usr/bin/cmake -E cmake_link_script CMakeFiles/cmTC_e582f.dir/link.txt --verbose=1
/usr/bin/cc      -rdynamic CMakeFiles/cmTC_e582f.dir/CheckSymbolExists.c.o  -o cmTC_e582f 
CMakeFiles/cmTC_e582f.dir/CheckSymbolExists.c.o: In function `main':
CheckSymbolExists.c:(.text+0x14): undefined reference to `pthread_create'
CheckSymbolExists.c:(.text+0x18): undefined reference to `pthread_create'
collect2: error: ld returned 1 exit status
CMakeFiles/cmTC_e582f.dir/build.make:97: recipe for target 'cmTC_e582f' failed
make[1]: *** [cmTC_e582f] Error 1
make[1]: Leaving directory '/home/curc/Workspace/mate-rov/build/CMakeFiles/CMakeTmp'
Makefile:126: recipe for target 'cmTC_e582f/fast' failed
make: *** [cmTC_e582f/fast] Error 2

File /home/curc/Workspace/mate-rov/build/CMakeFiles/CMakeTmp/CheckSymbolExists.c:
/* */
#include <pthread.h>

int main(int argc, char** argv)
{
  (void)argv;
#ifndef pthread_create
  return ((int*)(&pthread_create))[argc];
#else
  (void)argc;
  return 0;
#endif
}

Determining if the function pthread_create exists in the pthreads failed with the following output:
Change Dir: /home/curc/Workspace/mate-rov/build/CMakeFiles/CMakeTmp

Run Build Command:"/usr/bin/make" "cmTC_6b27f/fast"
/usr/bin/make -f CMakeFiles/cmTC_6b27f.dir/build.make CMakeFiles/cmTC_6b27f.dir/build
make[1]: Entering directory '/home/curc/Workspace/mate-rov/build/CMakeFiles/CMakeTmp'
Building C object CMakeFiles/cmTC_6b27f.dir/CheckFunctionExists.c.o
/usr/bin/cc   -DCHECK_FUNCTION_EXISTS=pthread_create   -o CMakeFiles/cmTC_6b27f.dir/CheckFunctionExists.c.o   -c /usr/share/cmake-3.10/Modules/CheckFunctionExists.c
Linking C executable cmTC_6b27f
/usr/bin/cmake -E cmake_link_script CMakeFiles/cmTC_6b27f.dir/link.txt --verbose=1
/usr/bin/cc  -DCHECK_FUNCTION_EXISTS=pthread_create    -rdynamic CMakeFiles/cmTC_6b27f.dir/CheckFunctionExists.c.o  -o cmTC_6b27f -lpthreads 
/usr/bin/ld: cannot find -lpthreads
collect2: error: ld returned 1 exit status
CMakeFiles/cmTC_6b27f.dir/build.make:97: recipe for target 'cmTC_6b27f' failed
make[1]: *** [cmTC_6b27f] Error 1
make[1]: Leaving directory '/home/curc/Workspace/mate-rov/build/CMakeFiles/CMakeTmp'
Makefile:126: recipe for target 'cmTC_6b27f/fast' failed
make: *** [cmTC_6b27f/fast] Error 2


